[2014-04-06 21:59:50] production.ERROR: exception 'ErrorException' with message 'Missing argument 1 for ShopperController::retrieveProduct()' in C:\wamp\www\smart-hypermarket\app\controllers\ShopperController.php:7
Stack trace:
#0 C:\wamp\www\smart-hypermarket\app\controllers\ShopperController.php(7): Illuminate\Exception\Handler->handleError(2, 'Missing argumen...', 'C:\wamp\www\sma...', 7, Array)
#1 [internal function]: ShopperController->retrieveProduct()
#2 C:\wamp\www\smart-hypermarket\vendor\laravel\framework\src\Illuminate\Routing\Controller.php(231): call_user_func_array(Array, Array)
#3 C:\wamp\www\smart-hypermarket\vendor\laravel\framework\src\Illuminate\Routing\ControllerDispatcher.php(93): Illuminate\Routing\Controller->callAction('retrieveProduct', Array)
#4 C:\wamp\www\smart-hypermarket\vendor\laravel\framework\src\Illuminate\Routing\ControllerDispatcher.php(62): Illuminate\Routing\ControllerDispatcher->call(Object(ShopperController), Object(Illuminate\Routing\Route), 'retrieveProduct')
#5 C:\wamp\www\smart-hypermarket\vendor\laravel\framework\src\Illuminate\Routing\Router.php(934): Illuminate\Routing\ControllerDispatcher->dispatch(Object(Illuminate\Routing\Route), Object(Illuminate\Http\Request), 'ShopperControll...', 'retrieveProduct')
#6 [internal function]: Illuminate\Routing\Router->Illuminate\Routing\{closure}()
#7 C:\wamp\www\smart-hypermarket\vendor\laravel\framework\src\Illuminate\Routing\Route.php(105): call_user_func_array(Object(Closure), Array)
#8 C:\wamp\www\smart-hypermarket\vendor\laravel\framework\src\Illuminate\Routing\Router.php(1000): Illuminate\Routing\Route->run(Object(Illuminate\Http\Request))
#9 C:\wamp\www\smart-hypermarket\vendor\laravel\framework\src\Illuminate\Routing\Router.php(968): Illuminate\Routing\Router->dispatchToRoute(Object(Illuminate\Http\Request))
#10 C:\wamp\www\smart-hypermarket\vendor\laravel\framework\src\Illuminate\Foundation\Application.php(738): Illuminate\Routing\Router->dispatch(Object(Illuminate\Http\Request))
#11 C:\wamp\www\smart-hypermarket\vendor\laravel\framework\src\Illuminate\Foundation\Application.php(708): Illuminate\Foundation\Application->dispatch(Object(Illuminate\Http\Request))
#12 C:\wamp\www\smart-hypermarket\vendor\laravel\framework\src\Illuminate\Http\FrameGuard.php(38): Illuminate\Foundation\Application->handle(Object(Illuminate\Http\Request), 1, true)
#13 C:\wamp\www\smart-hypermarket\vendor\laravel\framework\src\Illuminate\Session\Middleware.php(72): Illuminate\Http\FrameGuard->handle(Object(Illuminate\Http\Request), 1, true)
#14 C:\wamp\www\smart-hypermarket\vendor\laravel\framework\src\Illuminate\Cookie\Queue.php(47): Illuminate\Session\Middleware->handle(Object(Illuminate\Http\Request), 1, true)
#15 C:\wamp\www\smart-hypermarket\vendor\laravel\framework\src\Illuminate\Cookie\Guard.php(51): Illuminate\Cookie\Queue->handle(Object(Illuminate\Http\Request), 1, true)
#16 C:\wamp\www\smart-hypermarket\vendor\stack\builder\src\Stack\StackedHttpKernel.php(23): Illuminate\Cookie\Guard->handle(Object(Illuminate\Http\Request), 1, true)
#17 C:\wamp\www\smart-hypermarket\vendor\laravel\framework\src\Illuminate\Foundation\Application.php(606): Stack\StackedHttpKernel->handle(Object(Illuminate\Http\Request))
#18 C:\wamp\www\smart-hypermarket\public\index.php(49): Illuminate\Foundation\Application->run()
#19 {main} [] []
[2014-04-06 22:06:04] production.ERROR: exception 'PDOException' with message 'SQLSTATE[HY000] [1049] Unknown database 'database'' in C:\wamp\www\smart-hypermarket\vendor\laravel\framework\src\Illuminate\Database\Connectors\Connector.php:47
Stack trace:
#0 C:\wamp\www\smart-hypermarket\vendor\laravel\framework\src\Illuminate\Database\Connectors\Connector.php(47): PDO->__construct('mysql:host=loca...', 'root', '', Array)
#1 C:\wamp\www\smart-hypermarket\vendor\laravel\framework\src\Illuminate\Database\Connectors\MySqlConnector.php(20): Illuminate\Database\Connectors\Connector->createConnection('mysql:host=loca...', Array, Array)
#2 C:\wamp\www\smart-hypermarket\vendor\laravel\framework\src\Illuminate\Database\Connectors\ConnectionFactory.php(59): Illuminate\Database\Connectors\MySqlConnector->connect(Array)
#3 C:\wamp\www\smart-hypermarket\vendor\laravel\framework\src\Illuminate\Database\Connectors\ConnectionFactory.php(47): Illuminate\Database\Connectors\ConnectionFactory->createSingleConnection(Array)
#4 C:\wamp\www\smart-hypermarket\vendor\laravel\framework\src\Illuminate\Database\DatabaseManager.php(127): Illuminate\Database\Connectors\ConnectionFactory->make(Array, 'mysql')
#5 C:\wamp\www\smart-hypermarket\vendor\laravel\framework\src\Illuminate\Database\DatabaseManager.php(63): Illuminate\Database\DatabaseManager->makeConnection('mysql')
#6 C:\wamp\www\smart-hypermarket\vendor\laravel\framework\src\Illuminate\Database\Eloquent\Model.php(2677): Illuminate\Database\DatabaseManager->connection(NULL)
#7 C:\wamp\www\smart-hypermarket\vendor\laravel\framework\src\Illuminate\Database\Eloquent\Model.php(2643): Illuminate\Database\Eloquent\Model::resolveConnection(NULL)
#8 C:\wamp\www\smart-hypermarket\vendor\laravel\framework\src\Illuminate\Database\Eloquent\Model.php(1714): Illuminate\Database\Eloquent\Model->getConnection()
#9 C:\wamp\www\smart-hypermarket\vendor\laravel\framework\src\Illuminate\Database\Eloquent\Model.php(1637): Illuminate\Database\Eloquent\Model->newBaseQueryBuilder()
#10 C:\wamp\www\smart-hypermarket\vendor\laravel\framework\src\Illuminate\Database\Eloquent\Model.php(2856): Illuminate\Database\Eloquent\Model->newQuery()
#11 [internal function]: Illuminate\Database\Eloquent\Model->__call('where', Array)
#12 [internal function]: Product->where('barcode', '=', '123')
#13 C:\wamp\www\smart-hypermarket\vendor\laravel\framework\src\Illuminate\Database\Eloquent\Model.php(2872): call_user_func_array(Array, Array)
#14 C:\wamp\www\smart-hypermarket\app\controllers\ShopperController.php(10): Illuminate\Database\Eloquent\Model::__callStatic('where', Array)
#15 C:\wamp\www\smart-hypermarket\app\controllers\ShopperController.php(10): Product::where('barcode', '=', '123')
#16 [internal function]: ShopperController->retrieveProduct()
#17 C:\wamp\www\smart-hypermarket\vendor\laravel\framework\src\Illuminate\Routing\Controller.php(231): call_user_func_array(Array, Array)
#18 C:\wamp\www\smart-hypermarket\vendor\laravel\framework\src\Illuminate\Routing\ControllerDispatcher.php(93): Illuminate\Routing\Controller->callAction('retrieveProduct', Array)
#19 C:\wamp\www\smart-hypermarket\vendor\laravel\framework\src\Illuminate\Routing\ControllerDispatcher.php(62): Illuminate\Routing\ControllerDispatcher->call(Object(ShopperController), Object(Illuminate\Routing\Route), 'retrieveProduct')
#20 C:\wamp\www\smart-hypermarket\vendor\laravel\framework\src\Illuminate\Routing\Router.php(934): Illuminate\Routing\ControllerDispatcher->dispatch(Object(Illuminate\Routing\Route), Object(Illuminate\Http\Request), 'ShopperControll...', 'retrieveProduct')
#21 [internal function]: Illuminate\Routing\Router->Illuminate\Routing\{closure}()
#22 C:\wamp\www\smart-hypermarket\vendor\laravel\framework\src\Illuminate\Routing\Route.php(105): call_user_func_array(Object(Closure), Array)
#23 C:\wamp\www\smart-hypermarket\vendor\laravel\framework\src\Illuminate\Routing\Router.php(1000): Illuminate\Routing\Route->run(Object(Illuminate\Http\Request))
#24 C:\wamp\www\smart-hypermarket\vendor\laravel\framework\src\Illuminate\Routing\Router.php(968): Illuminate\Routing\Router->dispatchToRoute(Object(Illuminate\Http\Request))
#25 C:\wamp\www\smart-hypermarket\vendor\laravel\framework\src\Illuminate\Foundation\Application.php(738): Illuminate\Routing\Router->dispatch(Object(Illuminate\Http\Request))
#26 C:\wamp\www\smart-hypermarket\vendor\laravel\framework\src\Illuminate\Foundation\Application.php(708): Illuminate\Foundation\Application->dispatch(Object(Illuminate\Http\Request))
#27 C:\wamp\www\smart-hypermarket\vendor\laravel\framework\src\Illuminate\Http\FrameGuard.php(38): Illuminate\Foundation\Application->handle(Object(Illuminate\Http\Request), 1, true)
#28 C:\wamp\www\smart-hypermarket\vendor\laravel\framework\src\Illuminate\Session\Middleware.php(72): Illuminate\Http\FrameGuard->handle(Object(Illuminate\Http\Request), 1, true)
#29 C:\wamp\www\smart-hypermarket\vendor\laravel\framework\src\Illuminate\Cookie\Queue.php(47): Illuminate\Session\Middleware->handle(Object(Illuminate\Http\Request), 1, true)
#30 C:\wamp\www\smart-hypermarket\vendor\laravel\framework\src\Illuminate\Cookie\Guard.php(51): Illuminate\Cookie\Queue->handle(Object(Illuminate\Http\Request), 1, true)
#31 C:\wamp\www\smart-hypermarket\vendor\stack\builder\src\Stack\StackedHttpKernel.php(23): Illuminate\Cookie\Guard->handle(Object(Illuminate\Http\Request), 1, true)
#32 C:\wamp\www\smart-hypermarket\vendor\laravel\framework\src\Illuminate\Foundation\Application.php(606): Stack\StackedHttpKernel->handle(Object(Illuminate\Http\Request))
#33 C:\wamp\www\smart-hypermarket\public\index.php(49): Illuminate\Foundation\Application->run()
#34 {main} [] []
[2014-04-06 22:07:19] production.ERROR: exception 'BadMethodCallException' with message 'Call to undefined method Illuminate\Database\Query\Builder::toJson()' in C:\wamp\www\smart-hypermarket\vendor\laravel\framework\src\Illuminate\Database\Query\Builder.php:1891
Stack trace:
#0 [internal function]: Illuminate\Database\Query\Builder->__call('toJson', Array)
#1 [internal function]: Illuminate\Database\Query\Builder->toJson()
#2 C:\wamp\www\smart-hypermarket\vendor\laravel\framework\src\Illuminate\Database\Eloquent\Builder.php(912): call_user_func_array(Array, Array)
#3 C:\wamp\www\smart-hypermarket\app\controllers\ShopperController.php(13): Illuminate\Database\Eloquent\Builder->__call('toJson', Array)
#4 C:\wamp\www\smart-hypermarket\app\controllers\ShopperController.php(13): Illuminate\Database\Eloquent\Builder->toJson()
#5 [internal function]: ShopperController->retrieveProduct()
#6 C:\wamp\www\smart-hypermarket\vendor\laravel\framework\src\Illuminate\Routing\Controller.php(231): call_user_func_array(Array, Array)
#7 C:\wamp\www\smart-hypermarket\vendor\laravel\framework\src\Illuminate\Routing\ControllerDispatcher.php(93): Illuminate\Routing\Controller->callAction('retrieveProduct', Array)
#8 C:\wamp\www\smart-hypermarket\vendor\laravel\framework\src\Illuminate\Routing\ControllerDispatcher.php(62): Illuminate\Routing\ControllerDispatcher->call(Object(ShopperController), Object(Illuminate\Routing\Route), 'retrieveProduct')
#9 C:\wamp\www\smart-hypermarket\vendor\laravel\framework\src\Illuminate\Routing\Router.php(934): Illuminate\Routing\ControllerDispatcher->dispatch(Object(Illuminate\Routing\Route), Object(Illuminate\Http\Request), 'ShopperControll...', 'retrieveProduct')
#10 [internal function]: Illuminate\Routing\Router->Illuminate\Routing\{closure}()
#11 C:\wamp\www\smart-hypermarket\vendor\laravel\framework\src\Illuminate\Routing\Route.php(105): call_user_func_array(Object(Closure), Array)
#12 C:\wamp\www\smart-hypermarket\vendor\laravel\framework\src\Illuminate\Routing\Router.php(1000): Illuminate\Routing\Route->run(Object(Illuminate\Http\Request))
#13 C:\wamp\www\smart-hypermarket\vendor\laravel\framework\src\Illuminate\Routing\Router.php(968): Illuminate\Routing\Router->dispatchToRoute(Object(Illuminate\Http\Request))
#14 C:\wamp\www\smart-hypermarket\vendor\laravel\framework\src\Illuminate\Foundation\Application.php(738): Illuminate\Routing\Router->dispatch(Object(Illuminate\Http\Request))
#15 C:\wamp\www\smart-hypermarket\vendor\laravel\framework\src\Illuminate\Foundation\Application.php(708): Illuminate\Foundation\Application->dispatch(Object(Illuminate\Http\Request))
#16 C:\wamp\www\smart-hypermarket\vendor\laravel\framework\src\Illuminate\Http\FrameGuard.php(38): Illuminate\Foundation\Application->handle(Object(Illuminate\Http\Request), 1, true)
#17 C:\wamp\www\smart-hypermarket\vendor\laravel\framework\src\Illuminate\Session\Middleware.php(72): Illuminate\Http\FrameGuard->handle(Object(Illuminate\Http\Request), 1, true)
#18 C:\wamp\www\smart-hypermarket\vendor\laravel\framework\src\Illuminate\Cookie\Queue.php(47): Illuminate\Session\Middleware->handle(Object(Illuminate\Http\Request), 1, true)
#19 C:\wamp\www\smart-hypermarket\vendor\laravel\framework\src\Illuminate\Cookie\Guard.php(51): Illuminate\Cookie\Queue->handle(Object(Illuminate\Http\Request), 1, true)
#20 C:\wamp\www\smart-hypermarket\vendor\stack\builder\src\Stack\StackedHttpKernel.php(23): Illuminate\Cookie\Guard->handle(Object(Illuminate\Http\Request), 1, true)
#21 C:\wamp\www\smart-hypermarket\vendor\laravel\framework\src\Illuminate\Foundation\Application.php(606): Stack\StackedHttpKernel->handle(Object(Illuminate\Http\Request))
#22 C:\wamp\www\smart-hypermarket\public\index.php(49): Illuminate\Foundation\Application->run()
#23 {main} [] []
[2014-04-06 22:11:37] production.ERROR: exception 'Symfony\Component\Debug\Exception\FatalErrorException' with message 'Call to a member function toJson() on a non-object' in C:\wamp\www\smart-hypermarket\app\controllers\ShopperController.php:12
Stack trace:
#0 [internal function]: Illuminate\Exception\Handler->handleShutdown()
#1 {main} [] []
[2014-04-06 22:21:40] production.ERROR: exception 'Symfony\Component\Debug\Exception\FatalErrorException' with message 'syntax error, unexpected 'return' (T_RETURN)' in C:\wamp\www\smart-hypermarket\app\controllers\ShopperController.php:16
Stack trace:
#0 [internal function]: Illuminate\Exception\Handler->handleShutdown()
#1 {main} [] []
[2014-04-06 23:16:40] production.ERROR: exception 'Symfony\Component\HttpKernel\Exception\NotFoundHttpException' in C:\wamp\www\smart-hypermarket\vendor\laravel\framework\src\Illuminate\Routing\RouteCollection.php:140
Stack trace:
#0 C:\wamp\www\smart-hypermarket\vendor\laravel\framework\src\Illuminate\Routing\Router.php(1021): Illuminate\Routing\RouteCollection->match(Object(Illuminate\Http\Request))
#1 C:\wamp\www\smart-hypermarket\vendor\laravel\framework\src\Illuminate\Routing\Router.php(989): Illuminate\Routing\Router->findRoute(Object(Illuminate\Http\Request))
#2 C:\wamp\www\smart-hypermarket\vendor\laravel\framework\src\Illuminate\Routing\Router.php(968): Illuminate\Routing\Router->dispatchToRoute(Object(Illuminate\Http\Request))
#3 C:\wamp\www\smart-hypermarket\vendor\laravel\framework\src\Illuminate\Foundation\Application.php(738): Illuminate\Routing\Router->dispatch(Object(Illuminate\Http\Request))
#4 C:\wamp\www\smart-hypermarket\vendor\laravel\framework\src\Illuminate\Foundation\Application.php(708): Illuminate\Foundation\Application->dispatch(Object(Illuminate\Http\Request))
#5 C:\wamp\www\smart-hypermarket\vendor\laravel\framework\src\Illuminate\Http\FrameGuard.php(38): Illuminate\Foundation\Application->handle(Object(Illuminate\Http\Request), 1, true)
#6 C:\wamp\www\smart-hypermarket\vendor\laravel\framework\src\Illuminate\Session\Middleware.php(72): Illuminate\Http\FrameGuard->handle(Object(Illuminate\Http\Request), 1, true)
#7 C:\wamp\www\smart-hypermarket\vendor\laravel\framework\src\Illuminate\Cookie\Queue.php(47): Illuminate\Session\Middleware->handle(Object(Illuminate\Http\Request), 1, true)
#8 C:\wamp\www\smart-hypermarket\vendor\laravel\framework\src\Illuminate\Cookie\Guard.php(51): Illuminate\Cookie\Queue->handle(Object(Illuminate\Http\Request), 1, true)
#9 C:\wamp\www\smart-hypermarket\vendor\stack\builder\src\Stack\StackedHttpKernel.php(23): Illuminate\Cookie\Guard->handle(Object(Illuminate\Http\Request), 1, true)
#10 C:\wamp\www\smart-hypermarket\vendor\laravel\framework\src\Illuminate\Foundation\Application.php(606): Stack\StackedHttpKernel->handle(Object(Illuminate\Http\Request))
#11 C:\wamp\www\smart-hypermarket\public\index.php(49): Illuminate\Foundation\Application->run()
#12 {main} [] []
[2014-04-09 11:18:42] production.ERROR: exception 'Symfony\Component\Debug\Exception\FatalErrorException' with message 'Call to a member function products() on a non-object' in C:\wamp\www\smart-hypermarket\app\controllers\ShopperController.php:42
Stack trace:
#0 [internal function]: Illuminate\Exception\Handler->handleShutdown()
#1 {main} [] []
[2014-04-09 11:18:46] production.ERROR: exception 'ErrorException' with message 'Trying to get property of non-object' in C:\wamp\www\smart-hypermarket\app\controllers\ShopperController.php:42
Stack trace:
#0 C:\wamp\www\smart-hypermarket\app\controllers\ShopperController.php(42): Illuminate\Exception\Handler->handleError(8, 'Trying to get p...', 'C:\wamp\www\sma...', 42, Array)
#1 [internal function]: ShopperController->retrieveCategories()
#2 C:\wamp\www\smart-hypermarket\vendor\laravel\framework\src\Illuminate\Routing\Controller.php(231): call_user_func_array(Array, Array)
#3 C:\wamp\www\smart-hypermarket\vendor\laravel\framework\src\Illuminate\Routing\ControllerDispatcher.php(93): Illuminate\Routing\Controller->callAction('retrieveCategor...', Array)
#4 C:\wamp\www\smart-hypermarket\vendor\laravel\framework\src\Illuminate\Routing\ControllerDispatcher.php(62): Illuminate\Routing\ControllerDispatcher->call(Object(ShopperController), Object(Illuminate\Routing\Route), 'retrieveCategor...')
#5 C:\wamp\www\smart-hypermarket\vendor\laravel\framework\src\Illuminate\Routing\Router.php(934): Illuminate\Routing\ControllerDispatcher->dispatch(Object(Illuminate\Routing\Route), Object(Illuminate\Http\Request), 'ShopperControll...', 'retrieveCategor...')
#6 [internal function]: Illuminate\Routing\Router->Illuminate\Routing\{closure}()
#7 C:\wamp\www\smart-hypermarket\vendor\laravel\framework\src\Illuminate\Routing\Route.php(105): call_user_func_array(Object(Closure), Array)
#8 C:\wamp\www\smart-hypermarket\vendor\laravel\framework\src\Illuminate\Routing\Router.php(1000): Illuminate\Routing\Route->run(Object(Illuminate\Http\Request))
#9 C:\wamp\www\smart-hypermarket\vendor\laravel\framework\src\Illuminate\Routing\Router.php(968): Illuminate\Routing\Router->dispatchToRoute(Object(Illuminate\Http\Request))
#10 C:\wamp\www\smart-hypermarket\vendor\laravel\framework\src\Illuminate\Foundation\Application.php(738): Illuminate\Routing\Router->dispatch(Object(Illuminate\Http\Request))
#11 C:\wamp\www\smart-hypermarket\vendor\laravel\framework\src\Illuminate\Foundation\Application.php(708): Illuminate\Foundation\Application->dispatch(Object(Illuminate\Http\Request))
#12 C:\wamp\www\smart-hypermarket\vendor\laravel\framework\src\Illuminate\Http\FrameGuard.php(38): Illuminate\Foundation\Application->handle(Object(Illuminate\Http\Request), 1, true)
#13 C:\wamp\www\smart-hypermarket\vendor\laravel\framework\src\Illuminate\Session\Middleware.php(72): Illuminate\Http\FrameGuard->handle(Object(Illuminate\Http\Request), 1, true)
#14 C:\wamp\www\smart-hypermarket\vendor\laravel\framework\src\Illuminate\Cookie\Queue.php(47): Illuminate\Session\Middleware->handle(Object(Illuminate\Http\Request), 1, true)
#15 C:\wamp\www\smart-hypermarket\vendor\laravel\framework\src\Illuminate\Cookie\Guard.php(51): Illuminate\Cookie\Queue->handle(Object(Illuminate\Http\Request), 1, true)
#16 C:\wamp\www\smart-hypermarket\vendor\stack\builder\src\Stack\StackedHttpKernel.php(23): Illuminate\Cookie\Guard->handle(Object(Illuminate\Http\Request), 1, true)
#17 C:\wamp\www\smart-hypermarket\vendor\laravel\framework\src\Illuminate\Foundation\Application.php(606): Stack\StackedHttpKernel->handle(Object(Illuminate\Http\Request))
#18 C:\wamp\www\smart-hypermarket\public\index.php(49): Illuminate\Foundation\Application->run()
#19 {main} [] []
[2014-04-09 11:25:31] production.ERROR: exception 'ErrorException' with message 'Undefined index: id' in C:\wamp\www\smart-hypermarket\app\controllers\ShopperController.php:43
Stack trace:
#0 C:\wamp\www\smart-hypermarket\app\controllers\ShopperController.php(43): Illuminate\Exception\Handler->handleError(8, 'Undefined index...', 'C:\wamp\www\sma...', 43, Array)
#1 [internal function]: ShopperController->retrieveCategories()
#2 C:\wamp\www\smart-hypermarket\vendor\laravel\framework\src\Illuminate\Routing\Controller.php(231): call_user_func_array(Array, Array)
#3 C:\wamp\www\smart-hypermarket\vendor\laravel\framework\src\Illuminate\Routing\ControllerDispatcher.php(93): Illuminate\Routing\Controller->callAction('retrieveCategor...', Array)
#4 C:\wamp\www\smart-hypermarket\vendor\laravel\framework\src\Illuminate\Routing\ControllerDispatcher.php(62): Illuminate\Routing\ControllerDispatcher->call(Object(ShopperController), Object(Illuminate\Routing\Route), 'retrieveCategor...')
#5 C:\wamp\www\smart-hypermarket\vendor\laravel\framework\src\Illuminate\Routing\Router.php(934): Illuminate\Routing\ControllerDispatcher->dispatch(Object(Illuminate\Routing\Route), Object(Illuminate\Http\Request), 'ShopperControll...', 'retrieveCategor...')
#6 [internal function]: Illuminate\Routing\Router->Illuminate\Routing\{closure}()
#7 C:\wamp\www\smart-hypermarket\vendor\laravel\framework\src\Illuminate\Routing\Route.php(105): call_user_func_array(Object(Closure), Array)
#8 C:\wamp\www\smart-hypermarket\vendor\laravel\framework\src\Illuminate\Routing\Router.php(1000): Illuminate\Routing\Route->run(Object(Illuminate\Http\Request))
#9 C:\wamp\www\smart-hypermarket\vendor\laravel\framework\src\Illuminate\Routing\Router.php(968): Illuminate\Routing\Router->dispatchToRoute(Object(Illuminate\Http\Request))
#10 C:\wamp\www\smart-hypermarket\vendor\laravel\framework\src\Illuminate\Foundation\Application.php(738): Illuminate\Routing\Router->dispatch(Object(Illuminate\Http\Request))
#11 C:\wamp\www\smart-hypermarket\vendor\laravel\framework\src\Illuminate\Foundation\Application.php(708): Illuminate\Foundation\Application->dispatch(Object(Illuminate\Http\Request))
#12 C:\wamp\www\smart-hypermarket\vendor\laravel\framework\src\Illuminate\Http\FrameGuard.php(38): Illuminate\Foundation\Application->handle(Object(Illuminate\Http\Request), 1, true)
#13 C:\wamp\www\smart-hypermarket\vendor\laravel\framework\src\Illuminate\Session\Middleware.php(72): Illuminate\Http\FrameGuard->handle(Object(Illuminate\Http\Request), 1, true)
#14 C:\wamp\www\smart-hypermarket\vendor\laravel\framework\src\Illuminate\Cookie\Queue.php(47): Illuminate\Session\Middleware->handle(Object(Illuminate\Http\Request), 1, true)
#15 C:\wamp\www\smart-hypermarket\vendor\laravel\framework\src\Illuminate\Cookie\Guard.php(51): Illuminate\Cookie\Queue->handle(Object(Illuminate\Http\Request), 1, true)
#16 C:\wamp\www\smart-hypermarket\vendor\stack\builder\src\Stack\StackedHttpKernel.php(23): Illuminate\Cookie\Guard->handle(Object(Illuminate\Http\Request), 1, true)
#17 C:\wamp\www\smart-hypermarket\vendor\laravel\framework\src\Illuminate\Foundation\Application.php(606): Stack\StackedHttpKernel->handle(Object(Illuminate\Http\Request))
#18 C:\wamp\www\smart-hypermarket\public\index.php(49): Illuminate\Foundation\Application->run()
#19 {main} [] []
[2014-04-09 11:28:08] production.ERROR: exception 'ErrorException' with message 'Undefined variable: category' in C:\wamp\www\smart-hypermarket\app\controllers\ShopperController.php:51
Stack trace:
#0 C:\wamp\www\smart-hypermarket\app\controllers\ShopperController.php(51): Illuminate\Exception\Handler->handleError(8, 'Undefined varia...', 'C:\wamp\www\sma...', 51, Array)
#1 [internal function]: ShopperController->retrieveCategories()
#2 C:\wamp\www\smart-hypermarket\vendor\laravel\framework\src\Illuminate\Routing\Controller.php(231): call_user_func_array(Array, Array)
#3 C:\wamp\www\smart-hypermarket\vendor\laravel\framework\src\Illuminate\Routing\ControllerDispatcher.php(93): Illuminate\Routing\Controller->callAction('retrieveCategor...', Array)
#4 C:\wamp\www\smart-hypermarket\vendor\laravel\framework\src\Illuminate\Routing\ControllerDispatcher.php(62): Illuminate\Routing\ControllerDispatcher->call(Object(ShopperController), Object(Illuminate\Routing\Route), 'retrieveCategor...')
#5 C:\wamp\www\smart-hypermarket\vendor\laravel\framework\src\Illuminate\Routing\Router.php(934): Illuminate\Routing\ControllerDispatcher->dispatch(Object(Illuminate\Routing\Route), Object(Illuminate\Http\Request), 'ShopperControll...', 'retrieveCategor...')
#6 [internal function]: Illuminate\Routing\Router->Illuminate\Routing\{closure}()
#7 C:\wamp\www\smart-hypermarket\vendor\laravel\framework\src\Illuminate\Routing\Route.php(105): call_user_func_array(Object(Closure), Array)
#8 C:\wamp\www\smart-hypermarket\vendor\laravel\framework\src\Illuminate\Routing\Router.php(1000): Illuminate\Routing\Route->run(Object(Illuminate\Http\Request))
#9 C:\wamp\www\smart-hypermarket\vendor\laravel\framework\src\Illuminate\Routing\Router.php(968): Illuminate\Routing\Router->dispatchToRoute(Object(Illuminate\Http\Request))
#10 C:\wamp\www\smart-hypermarket\vendor\laravel\framework\src\Illuminate\Foundation\Application.php(738): Illuminate\Routing\Router->dispatch(Object(Illuminate\Http\Request))
#11 C:\wamp\www\smart-hypermarket\vendor\laravel\framework\src\Illuminate\Foundation\Application.php(708): Illuminate\Foundation\Application->dispatch(Object(Illuminate\Http\Request))
#12 C:\wamp\www\smart-hypermarket\vendor\laravel\framework\src\Illuminate\Http\FrameGuard.php(38): Illuminate\Foundation\Application->handle(Object(Illuminate\Http\Request), 1, true)
#13 C:\wamp\www\smart-hypermarket\vendor\laravel\framework\src\Illuminate\Session\Middleware.php(72): Illuminate\Http\FrameGuard->handle(Object(Illuminate\Http\Request), 1, true)
#14 C:\wamp\www\smart-hypermarket\vendor\laravel\framework\src\Illuminate\Cookie\Queue.php(47): Illuminate\Session\Middleware->handle(Object(Illuminate\Http\Request), 1, true)
#15 C:\wamp\www\smart-hypermarket\vendor\laravel\framework\src\Illuminate\Cookie\Guard.php(51): Illuminate\Cookie\Queue->handle(Object(Illuminate\Http\Request), 1, true)
#16 C:\wamp\www\smart-hypermarket\vendor\stack\builder\src\Stack\StackedHttpKernel.php(23): Illuminate\Cookie\Guard->handle(Object(Illuminate\Http\Request), 1, true)
#17 C:\wamp\www\smart-hypermarket\vendor\laravel\framework\src\Illuminate\Foundation\Application.php(606): Stack\StackedHttpKernel->handle(Object(Illuminate\Http\Request))
#18 C:\wamp\www\smart-hypermarket\public\index.php(49): Illuminate\Foundation\Application->run()
#19 {main} [] []
[2014-04-09 11:28:28] production.ERROR: exception 'BadMethodCallException' with message 'Call to undefined method Illuminate\Database\Query\Builder::toArray()' in C:\wamp\www\smart-hypermarket\vendor\laravel\framework\src\Illuminate\Database\Query\Builder.php:1891
Stack trace:
#0 [internal function]: Illuminate\Database\Query\Builder->__call('toArray', Array)
#1 [internal function]: Illuminate\Database\Query\Builder->toArray()
#2 C:\wamp\www\smart-hypermarket\vendor\laravel\framework\src\Illuminate\Database\Eloquent\Builder.php(912): call_user_func_array(Array, Array)
#3 C:\wamp\www\smart-hypermarket\app\controllers\ShopperController.php(56): Illuminate\Database\Eloquent\Builder->__call('toArray', Array)
#4 C:\wamp\www\smart-hypermarket\app\controllers\ShopperController.php(56): Illuminate\Database\Eloquent\Builder->toArray()
#5 [internal function]: ShopperController->retrieveCategories()
#6 C:\wamp\www\smart-hypermarket\vendor\laravel\framework\src\Illuminate\Routing\Controller.php(231): call_user_func_array(Array, Array)
#7 C:\wamp\www\smart-hypermarket\vendor\laravel\framework\src\Illuminate\Routing\ControllerDispatcher.php(93): Illuminate\Routing\Controller->callAction('retrieveCategor...', Array)
#8 C:\wamp\www\smart-hypermarket\vendor\laravel\framework\src\Illuminate\Routing\ControllerDispatcher.php(62): Illuminate\Routing\ControllerDispatcher->call(Object(ShopperController), Object(Illuminate\Routing\Route), 'retrieveCategor...')
#9 C:\wamp\www\smart-hypermarket\vendor\laravel\framework\src\Illuminate\Routing\Router.php(934): Illuminate\Routing\ControllerDispatcher->dispatch(Object(Illuminate\Routing\Route), Object(Illuminate\Http\Request), 'ShopperControll...', 'retrieveCategor...')
#10 [internal function]: Illuminate\Routing\Router->Illuminate\Routing\{closure}()
#11 C:\wamp\www\smart-hypermarket\vendor\laravel\framework\src\Illuminate\Routing\Route.php(105): call_user_func_array(Object(Closure), Array)
#12 C:\wamp\www\smart-hypermarket\vendor\laravel\framework\src\Illuminate\Routing\Router.php(1000): Illuminate\Routing\Route->run(Object(Illuminate\Http\Request))
#13 C:\wamp\www\smart-hypermarket\vendor\laravel\framework\src\Illuminate\Routing\Router.php(968): Illuminate\Routing\Router->dispatchToRoute(Object(Illuminate\Http\Request))
#14 C:\wamp\www\smart-hypermarket\vendor\laravel\framework\src\Illuminate\Foundation\Application.php(738): Illuminate\Routing\Router->dispatch(Object(Illuminate\Http\Request))
#15 C:\wamp\www\smart-hypermarket\vendor\laravel\framework\src\Illuminate\Foundation\Application.php(708): Illuminate\Foundation\Application->dispatch(Object(Illuminate\Http\Request))
#16 C:\wamp\www\smart-hypermarket\vendor\laravel\framework\src\Illuminate\Http\FrameGuard.php(38): Illuminate\Foundation\Application->handle(Object(Illuminate\Http\Request), 1, true)
#17 C:\wamp\www\smart-hypermarket\vendor\laravel\framework\src\Illuminate\Session\Middleware.php(72): Illuminate\Http\FrameGuard->handle(Object(Illuminate\Http\Request), 1, true)
#18 C:\wamp\www\smart-hypermarket\vendor\laravel\framework\src\Illuminate\Cookie\Queue.php(47): Illuminate\Session\Middleware->handle(Object(Illuminate\Http\Request), 1, true)
#19 C:\wamp\www\smart-hypermarket\vendor\laravel\framework\src\Illuminate\Cookie\Guard.php(51): Illuminate\Cookie\Queue->handle(Object(Illuminate\Http\Request), 1, true)
#20 C:\wamp\www\smart-hypermarket\vendor\stack\builder\src\Stack\StackedHttpKernel.php(23): Illuminate\Cookie\Guard->handle(Object(Illuminate\Http\Request), 1, true)
#21 C:\wamp\www\smart-hypermarket\vendor\laravel\framework\src\Illuminate\Foundation\Application.php(606): Stack\StackedHttpKernel->handle(Object(Illuminate\Http\Request))
#22 C:\wamp\www\smart-hypermarket\public\index.php(49): Illuminate\Foundation\Application->run()
#23 {main} [] []
[2014-04-09 11:28:51] production.ERROR: exception 'BadMethodCallException' with message 'Call to undefined method Illuminate\Database\Query\Builder::toArray()' in C:\wamp\www\smart-hypermarket\vendor\laravel\framework\src\Illuminate\Database\Query\Builder.php:1891
Stack trace:
#0 [internal function]: Illuminate\Database\Query\Builder->__call('toArray', Array)
#1 [internal function]: Illuminate\Database\Query\Builder->toArray()
#2 C:\wamp\www\smart-hypermarket\vendor\laravel\framework\src\Illuminate\Database\Eloquent\Builder.php(912): call_user_func_array(Array, Array)
#3 C:\wamp\www\smart-hypermarket\app\controllers\ShopperController.php(56): Illuminate\Database\Eloquent\Builder->__call('toArray', Array)
#4 C:\wamp\www\smart-hypermarket\app\controllers\ShopperController.php(56): Illuminate\Database\Eloquent\Builder->toArray()
#5 [internal function]: ShopperController->retrieveCategories()
#6 C:\wamp\www\smart-hypermarket\vendor\laravel\framework\src\Illuminate\Routing\Controller.php(231): call_user_func_array(Array, Array)
#7 C:\wamp\www\smart-hypermarket\vendor\laravel\framework\src\Illuminate\Routing\ControllerDispatcher.php(93): Illuminate\Routing\Controller->callAction('retrieveCategor...', Array)
#8 C:\wamp\www\smart-hypermarket\vendor\laravel\framework\src\Illuminate\Routing\ControllerDispatcher.php(62): Illuminate\Routing\ControllerDispatcher->call(Object(ShopperController), Object(Illuminate\Routing\Route), 'retrieveCategor...')
#9 C:\wamp\www\smart-hypermarket\vendor\laravel\framework\src\Illuminate\Routing\Router.php(934): Illuminate\Routing\ControllerDispatcher->dispatch(Object(Illuminate\Routing\Route), Object(Illuminate\Http\Request), 'ShopperControll...', 'retrieveCategor...')
#10 [internal function]: Illuminate\Routing\Router->Illuminate\Routing\{closure}()
#11 C:\wamp\www\smart-hypermarket\vendor\laravel\framework\src\Illuminate\Routing\Route.php(105): call_user_func_array(Object(Closure), Array)
#12 C:\wamp\www\smart-hypermarket\vendor\laravel\framework\src\Illuminate\Routing\Router.php(1000): Illuminate\Routing\Route->run(Object(Illuminate\Http\Request))
#13 C:\wamp\www\smart-hypermarket\vendor\laravel\framework\src\Illuminate\Routing\Router.php(968): Illuminate\Routing\Router->dispatchToRoute(Object(Illuminate\Http\Request))
#14 C:\wamp\www\smart-hypermarket\vendor\laravel\framework\src\Illuminate\Foundation\Application.php(738): Illuminate\Routing\Router->dispatch(Object(Illuminate\Http\Request))
#15 C:\wamp\www\smart-hypermarket\vendor\laravel\framework\src\Illuminate\Foundation\Application.php(708): Illuminate\Foundation\Application->dispatch(Object(Illuminate\Http\Request))
#16 C:\wamp\www\smart-hypermarket\vendor\laravel\framework\src\Illuminate\Http\FrameGuard.php(38): Illuminate\Foundation\Application->handle(Object(Illuminate\Http\Request), 1, true)
#17 C:\wamp\www\smart-hypermarket\vendor\laravel\framework\src\Illuminate\Session\Middleware.php(72): Illuminate\Http\FrameGuard->handle(Object(Illuminate\Http\Request), 1, true)
#18 C:\wamp\www\smart-hypermarket\vendor\laravel\framework\src\Illuminate\Cookie\Queue.php(47): Illuminate\Session\Middleware->handle(Object(Illuminate\Http\Request), 1, true)
#19 C:\wamp\www\smart-hypermarket\vendor\laravel\framework\src\Illuminate\Cookie\Guard.php(51): Illuminate\Cookie\Queue->handle(Object(Illuminate\Http\Request), 1, true)
#20 C:\wamp\www\smart-hypermarket\vendor\stack\builder\src\Stack\StackedHttpKernel.php(23): Illuminate\Cookie\Guard->handle(Object(Illuminate\Http\Request), 1, true)
#21 C:\wamp\www\smart-hypermarket\vendor\laravel\framework\src\Illuminate\Foundation\Application.php(606): Stack\StackedHttpKernel->handle(Object(Illuminate\Http\Request))
#22 C:\wamp\www\smart-hypermarket\public\index.php(49): Illuminate\Foundation\Application->run()
#23 {main} [] []
[2014-04-09 11:29:55] production.ERROR: exception 'BadMethodCallException' with message 'Call to undefined method Illuminate\Database\Query\Builder::all()' in C:\wamp\www\smart-hypermarket\vendor\laravel\framework\src\Illuminate\Database\Query\Builder.php:1891
Stack trace:
#0 [internal function]: Illuminate\Database\Query\Builder->__call('all', Array)
#1 [internal function]: Illuminate\Database\Query\Builder->all()
#2 C:\wamp\www\smart-hypermarket\vendor\laravel\framework\src\Illuminate\Database\Eloquent\Builder.php(912): call_user_func_array(Array, Array)
#3 C:\wamp\www\smart-hypermarket\app\controllers\ShopperController.php(56): Illuminate\Database\Eloquent\Builder->__call('all', Array)
#4 C:\wamp\www\smart-hypermarket\app\controllers\ShopperController.php(56): Illuminate\Database\Eloquent\Builder->all()
#5 [internal function]: ShopperController->retrieveCategories()
#6 C:\wamp\www\smart-hypermarket\vendor\laravel\framework\src\Illuminate\Routing\Controller.php(231): call_user_func_array(Array, Array)
#7 C:\wamp\www\smart-hypermarket\vendor\laravel\framework\src\Illuminate\Routing\ControllerDispatcher.php(93): Illuminate\Routing\Controller->callAction('retrieveCategor...', Array)
#8 C:\wamp\www\smart-hypermarket\vendor\laravel\framework\src\Illuminate\Routing\ControllerDispatcher.php(62): Illuminate\Routing\ControllerDispatcher->call(Object(ShopperController), Object(Illuminate\Routing\Route), 'retrieveCategor...')
#9 C:\wamp\www\smart-hypermarket\vendor\laravel\framework\src\Illuminate\Routing\Router.php(934): Illuminate\Routing\ControllerDispatcher->dispatch(Object(Illuminate\Routing\Route), Object(Illuminate\Http\Request), 'ShopperControll...', 'retrieveCategor...')
#10 [internal function]: Illuminate\Routing\Router->Illuminate\Routing\{closure}()
#11 C:\wamp\www\smart-hypermarket\vendor\laravel\framework\src\Illuminate\Routing\Route.php(105): call_user_func_array(Object(Closure), Array)
#12 C:\wamp\www\smart-hypermarket\vendor\laravel\framework\src\Illuminate\Routing\Router.php(1000): Illuminate\Routing\Route->run(Object(Illuminate\Http\Request))
#13 C:\wamp\www\smart-hypermarket\vendor\laravel\framework\src\Illuminate\Routing\Router.php(968): Illuminate\Routing\Router->dispatchToRoute(Object(Illuminate\Http\Request))
#14 C:\wamp\www\smart-hypermarket\vendor\laravel\framework\src\Illuminate\Foundation\Application.php(738): Illuminate\Routing\Router->dispatch(Object(Illuminate\Http\Request))
#15 C:\wamp\www\smart-hypermarket\vendor\laravel\framework\src\Illuminate\Foundation\Application.php(708): Illuminate\Foundation\Application->dispatch(Object(Illuminate\Http\Request))
#16 C:\wamp\www\smart-hypermarket\vendor\laravel\framework\src\Illuminate\Http\FrameGuard.php(38): Illuminate\Foundation\Application->handle(Object(Illuminate\Http\Request), 1, true)
#17 C:\wamp\www\smart-hypermarket\vendor\laravel\framework\src\Illuminate\Session\Middleware.php(72): Illuminate\Http\FrameGuard->handle(Object(Illuminate\Http\Request), 1, true)
#18 C:\wamp\www\smart-hypermarket\vendor\laravel\framework\src\Illuminate\Cookie\Queue.php(47): Illuminate\Session\Middleware->handle(Object(Illuminate\Http\Request), 1, true)
#19 C:\wamp\www\smart-hypermarket\vendor\laravel\framework\src\Illuminate\Cookie\Guard.php(51): Illuminate\Cookie\Queue->handle(Object(Illuminate\Http\Request), 1, true)
#20 C:\wamp\www\smart-hypermarket\vendor\stack\builder\src\Stack\StackedHttpKernel.php(23): Illuminate\Cookie\Guard->handle(Object(Illuminate\Http\Request), 1, true)
#21 C:\wamp\www\smart-hypermarket\vendor\laravel\framework\src\Illuminate\Foundation\Application.php(606): Stack\StackedHttpKernel->handle(Object(Illuminate\Http\Request))
#22 C:\wamp\www\smart-hypermarket\public\index.php(49): Illuminate\Foundation\Application->run()
#23 {main} [] []
[2014-04-09 11:33:55] production.ERROR: exception 'Symfony\Component\Debug\Exception\FatalErrorException' with message 'Call to a member function toJson() on a non-object' in C:\wamp\www\smart-hypermarket\app\controllers\ShopperController.php:67
Stack trace:
#0 [internal function]: Illuminate\Exception\Handler->handleShutdown()
#1 {main} [] []
[2014-04-09 11:39:00] production.ERROR: exception 'Symfony\Component\Debug\Exception\FatalErrorException' with message 'Call to undefined function aray()' in C:\wamp\www\smart-hypermarket\app\controllers\ShopperController.php:46
Stack trace:
#0 [internal function]: Illuminate\Exception\Handler->handleShutdown()
#1 {main} [] []
[2014-04-09 11:39:13] production.ERROR: exception 'ErrorException' with message 'Undefined variable: productsArray' in C:\wamp\www\smart-hypermarket\app\controllers\ShopperController.php:58
Stack trace:
#0 C:\wamp\www\smart-hypermarket\app\controllers\ShopperController.php(58): Illuminate\Exception\Handler->handleError(8, 'Undefined varia...', 'C:\wamp\www\sma...', 58, Array)
#1 [internal function]: ShopperController->retrieveCategories()
#2 C:\wamp\www\smart-hypermarket\vendor\laravel\framework\src\Illuminate\Routing\Controller.php(231): call_user_func_array(Array, Array)
#3 C:\wamp\www\smart-hypermarket\vendor\laravel\framework\src\Illuminate\Routing\ControllerDispatcher.php(93): Illuminate\Routing\Controller->callAction('retrieveCategor...', Array)
#4 C:\wamp\www\smart-hypermarket\vendor\laravel\framework\src\Illuminate\Routing\ControllerDispatcher.php(62): Illuminate\Routing\ControllerDispatcher->call(Object(ShopperController), Object(Illuminate\Routing\Route), 'retrieveCategor...')
#5 C:\wamp\www\smart-hypermarket\vendor\laravel\framework\src\Illuminate\Routing\Router.php(934): Illuminate\Routing\ControllerDispatcher->dispatch(Object(Illuminate\Routing\Route), Object(Illuminate\Http\Request), 'ShopperControll...', 'retrieveCategor...')
#6 [internal function]: Illuminate\Routing\Router->Illuminate\Routing\{closure}()
#7 C:\wamp\www\smart-hypermarket\vendor\laravel\framework\src\Illuminate\Routing\Route.php(105): call_user_func_array(Object(Closure), Array)
#8 C:\wamp\www\smart-hypermarket\vendor\laravel\framework\src\Illuminate\Routing\Router.php(1000): Illuminate\Routing\Route->run(Object(Illuminate\Http\Request))
#9 C:\wamp\www\smart-hypermarket\vendor\laravel\framework\src\Illuminate\Routing\Router.php(968): Illuminate\Routing\Router->dispatchToRoute(Object(Illuminate\Http\Request))
#10 C:\wamp\www\smart-hypermarket\vendor\laravel\framework\src\Illuminate\Foundation\Application.php(738): Illuminate\Routing\Router->dispatch(Object(Illuminate\Http\Request))
#11 C:\wamp\www\smart-hypermarket\vendor\laravel\framework\src\Illuminate\Foundation\Application.php(708): Illuminate\Foundation\Application->dispatch(Object(Illuminate\Http\Request))
#12 C:\wamp\www\smart-hypermarket\vendor\laravel\framework\src\Illuminate\Http\FrameGuard.php(38): Illuminate\Foundation\Application->handle(Object(Illuminate\Http\Request), 1, true)
#13 C:\wamp\www\smart-hypermarket\vendor\laravel\framework\src\Illuminate\Session\Middleware.php(72): Illuminate\Http\FrameGuard->handle(Object(Illuminate\Http\Request), 1, true)
#14 C:\wamp\www\smart-hypermarket\vendor\laravel\framework\src\Illuminate\Cookie\Queue.php(47): Illuminate\Session\Middleware->handle(Object(Illuminate\Http\Request), 1, true)
#15 C:\wamp\www\smart-hypermarket\vendor\laravel\framework\src\Illuminate\Cookie\Guard.php(51): Illuminate\Cookie\Queue->handle(Object(Illuminate\Http\Request), 1, true)
#16 C:\wamp\www\smart-hypermarket\vendor\stack\builder\src\Stack\StackedHttpKernel.php(23): Illuminate\Cookie\Guard->handle(Object(Illuminate\Http\Request), 1, true)
#17 C:\wamp\www\smart-hypermarket\vendor\laravel\framework\src\Illuminate\Foundation\Application.php(606): Stack\StackedHttpKernel->handle(Object(Illuminate\Http\Request))
#18 C:\wamp\www\smart-hypermarket\public\index.php(49): Illuminate\Foundation\Application->run()
#19 {main} [] []
[2014-04-09 11:39:31] production.ERROR: exception 'ErrorException' with message 'Undefined variable: productsArray' in C:\wamp\www\smart-hypermarket\app\controllers\ShopperController.php:58
Stack trace:
#0 C:\wamp\www\smart-hypermarket\app\controllers\ShopperController.php(58): Illuminate\Exception\Handler->handleError(8, 'Undefined varia...', 'C:\wamp\www\sma...', 58, Array)
#1 [internal function]: ShopperController->retrieveCategories()
#2 C:\wamp\www\smart-hypermarket\vendor\laravel\framework\src\Illuminate\Routing\Controller.php(231): call_user_func_array(Array, Array)
#3 C:\wamp\www\smart-hypermarket\vendor\laravel\framework\src\Illuminate\Routing\ControllerDispatcher.php(93): Illuminate\Routing\Controller->callAction('retrieveCategor...', Array)
#4 C:\wamp\www\smart-hypermarket\vendor\laravel\framework\src\Illuminate\Routing\ControllerDispatcher.php(62): Illuminate\Routing\ControllerDispatcher->call(Object(ShopperController), Object(Illuminate\Routing\Route), 'retrieveCategor...')
#5 C:\wamp\www\smart-hypermarket\vendor\laravel\framework\src\Illuminate\Routing\Router.php(934): Illuminate\Routing\ControllerDispatcher->dispatch(Object(Illuminate\Routing\Route), Object(Illuminate\Http\Request), 'ShopperControll...', 'retrieveCategor...')
#6 [internal function]: Illuminate\Routing\Router->Illuminate\Routing\{closure}()
#7 C:\wamp\www\smart-hypermarket\vendor\laravel\framework\src\Illuminate\Routing\Route.php(105): call_user_func_array(Object(Closure), Array)
#8 C:\wamp\www\smart-hypermarket\vendor\laravel\framework\src\Illuminate\Routing\Router.php(1000): Illuminate\Routing\Route->run(Object(Illuminate\Http\Request))
#9 C:\wamp\www\smart-hypermarket\vendor\laravel\framework\src\Illuminate\Routing\Router.php(968): Illuminate\Routing\Router->dispatchToRoute(Object(Illuminate\Http\Request))
#10 C:\wamp\www\smart-hypermarket\vendor\laravel\framework\src\Illuminate\Foundation\Application.php(738): Illuminate\Routing\Router->dispatch(Object(Illuminate\Http\Request))
#11 C:\wamp\www\smart-hypermarket\vendor\laravel\framework\src\Illuminate\Foundation\Application.php(708): Illuminate\Foundation\Application->dispatch(Object(Illuminate\Http\Request))
#12 C:\wamp\www\smart-hypermarket\vendor\laravel\framework\src\Illuminate\Http\FrameGuard.php(38): Illuminate\Foundation\Application->handle(Object(Illuminate\Http\Request), 1, true)
#13 C:\wamp\www\smart-hypermarket\vendor\laravel\framework\src\Illuminate\Session\Middleware.php(72): Illuminate\Http\FrameGuard->handle(Object(Illuminate\Http\Request), 1, true)
#14 C:\wamp\www\smart-hypermarket\vendor\laravel\framework\src\Illuminate\Cookie\Queue.php(47): Illuminate\Session\Middleware->handle(Object(Illuminate\Http\Request), 1, true)
#15 C:\wamp\www\smart-hypermarket\vendor\laravel\framework\src\Illuminate\Cookie\Guard.php(51): Illuminate\Cookie\Queue->handle(Object(Illuminate\Http\Request), 1, true)
#16 C:\wamp\www\smart-hypermarket\vendor\stack\builder\src\Stack\StackedHttpKernel.php(23): Illuminate\Cookie\Guard->handle(Object(Illuminate\Http\Request), 1, true)
#17 C:\wamp\www\smart-hypermarket\vendor\laravel\framework\src\Illuminate\Foundation\Application.php(606): Stack\StackedHttpKernel->handle(Object(Illuminate\Http\Request))
#18 C:\wamp\www\smart-hypermarket\public\index.php(49): Illuminate\Foundation\Application->run()
#19 {main} [] []
[2014-04-10 20:47:33] production.ERROR: exception 'Illuminate\Database\QueryException' with message 'SQLSTATE[23000]: Integrity constraint violation: 1048 Column 'name' cannot be null (SQL: insert into `products` (`name`, `barcode`, `price`, `category_id`, `updated_at`, `created_at`) values (, , , , 2014-04-10 20:47:33, 2014-04-10 20:47:33))' in C:\wamp\www\smart-hypermarket\vendor\laravel\framework\src\Illuminate\Database\Connection.php:539
Stack trace:
#0 C:\wamp\www\smart-hypermarket\vendor\laravel\framework\src\Illuminate\Database\Connection.php(338): Illuminate\Database\Connection->run('insert into `pr...', Array, Object(Closure))
#1 C:\wamp\www\smart-hypermarket\vendor\laravel\framework\src\Illuminate\Database\Connection.php(295): Illuminate\Database\Connection->statement('insert into `pr...', Array)
#2 C:\wamp\www\smart-hypermarket\vendor\laravel\framework\src\Illuminate\Database\Query\Processors\Processor.php(30): Illuminate\Database\Connection->insert('insert into `pr...', Array)
#3 C:\wamp\www\smart-hypermarket\vendor\laravel\framework\src\Illuminate\Database\Query\Builder.php(1662): Illuminate\Database\Query\Processors\Processor->processInsertGetId(Object(Illuminate\Database\Query\Builder), 'insert into `pr...', Array, 'id')
#4 [internal function]: Illuminate\Database\Query\Builder->insertGetId(Array, 'id')
#5 C:\wamp\www\smart-hypermarket\vendor\laravel\framework\src\Illuminate\Database\Eloquent\Builder.php(912): call_user_func_array(Array, Array)
#6 C:\wamp\www\smart-hypermarket\vendor\laravel\framework\src\Illuminate\Database\Eloquent\Model.php(1435): Illuminate\Database\Eloquent\Builder->__call('insertGetId', Array)
#7 C:\wamp\www\smart-hypermarket\vendor\laravel\framework\src\Illuminate\Database\Eloquent\Model.php(1435): Illuminate\Database\Eloquent\Builder->insertGetId(Array, 'id')
#8 C:\wamp\www\smart-hypermarket\vendor\laravel\framework\src\Illuminate\Database\Eloquent\Model.php(1405): Illuminate\Database\Eloquent\Model->insertAndSetId(Object(Illuminate\Database\Eloquent\Builder), Array)
#9 C:\wamp\www\smart-hypermarket\vendor\laravel\framework\src\Illuminate\Database\Eloquent\Model.php(1316): Illuminate\Database\Eloquent\Model->performInsert(Object(Illuminate\Database\Eloquent\Builder))
#10 C:\wamp\www\smart-hypermarket\app\controllers\ServiceController.php(69): Illuminate\Database\Eloquent\Model->save()
#11 [internal function]: ServiceController->createProduct()
#12 C:\wamp\www\smart-hypermarket\vendor\laravel\framework\src\Illuminate\Routing\Controller.php(231): call_user_func_array(Array, Array)
#13 C:\wamp\www\smart-hypermarket\vendor\laravel\framework\src\Illuminate\Routing\ControllerDispatcher.php(93): Illuminate\Routing\Controller->callAction('createProduct', Array)
#14 C:\wamp\www\smart-hypermarket\vendor\laravel\framework\src\Illuminate\Routing\ControllerDispatcher.php(62): Illuminate\Routing\ControllerDispatcher->call(Object(ServiceController), Object(Illuminate\Routing\Route), 'createProduct')
#15 C:\wamp\www\smart-hypermarket\vendor\laravel\framework\src\Illuminate\Routing\Router.php(934): Illuminate\Routing\ControllerDispatcher->dispatch(Object(Illuminate\Routing\Route), Object(Illuminate\Http\Request), 'ServiceControll...', 'createProduct')
#16 [internal function]: Illuminate\Routing\Router->Illuminate\Routing\{closure}()
#17 C:\wamp\www\smart-hypermarket\vendor\laravel\framework\src\Illuminate\Routing\Route.php(105): call_user_func_array(Object(Closure), Array)
#18 C:\wamp\www\smart-hypermarket\vendor\laravel\framework\src\Illuminate\Routing\Router.php(1000): Illuminate\Routing\Route->run(Object(Illuminate\Http\Request))
#19 C:\wamp\www\smart-hypermarket\vendor\laravel\framework\src\Illuminate\Routing\Router.php(968): Illuminate\Routing\Router->dispatchToRoute(Object(Illuminate\Http\Request))
#20 C:\wamp\www\smart-hypermarket\vendor\laravel\framework\src\Illuminate\Foundation\Application.php(738): Illuminate\Routing\Router->dispatch(Object(Illuminate\Http\Request))
#21 C:\wamp\www\smart-hypermarket\vendor\laravel\framework\src\Illuminate\Foundation\Application.php(708): Illuminate\Foundation\Application->dispatch(Object(Illuminate\Http\Request))
#22 C:\wamp\www\smart-hypermarket\vendor\laravel\framework\src\Illuminate\Http\FrameGuard.php(38): Illuminate\Foundation\Application->handle(Object(Illuminate\Http\Request), 1, true)
#23 C:\wamp\www\smart-hypermarket\vendor\laravel\framework\src\Illuminate\Session\Middleware.php(72): Illuminate\Http\FrameGuard->handle(Object(Illuminate\Http\Request), 1, true)
#24 C:\wamp\www\smart-hypermarket\vendor\laravel\framework\src\Illuminate\Cookie\Queue.php(47): Illuminate\Session\Middleware->handle(Object(Illuminate\Http\Request), 1, true)
#25 C:\wamp\www\smart-hypermarket\vendor\laravel\framework\src\Illuminate\Cookie\Guard.php(51): Illuminate\Cookie\Queue->handle(Object(Illuminate\Http\Request), 1, true)
#26 C:\wamp\www\smart-hypermarket\vendor\stack\builder\src\Stack\StackedHttpKernel.php(23): Illuminate\Cookie\Guard->handle(Object(Illuminate\Http\Request), 1, true)
#27 C:\wamp\www\smart-hypermarket\vendor\laravel\framework\src\Illuminate\Foundation\Application.php(606): Stack\StackedHttpKernel->handle(Object(Illuminate\Http\Request))
#28 C:\wamp\www\smart-hypermarket\public\index.php(49): Illuminate\Foundation\Application->run()
#29 {main} [] []
[2014-04-10 20:48:33] production.ERROR: exception 'Illuminate\Database\QueryException' with message 'SQLSTATE[23000]: Integrity constraint violation: 1048 Column 'category_id' cannot be null (SQL: insert into `products` (`name`, `barcode`, `price`, `category_id`, `updated_at`, `created_at`) values (schweppes, 789, 12, , 2014-04-10 20:48:33, 2014-04-10 20:48:33))' in C:\wamp\www\smart-hypermarket\vendor\laravel\framework\src\Illuminate\Database\Connection.php:539
Stack trace:
#0 C:\wamp\www\smart-hypermarket\vendor\laravel\framework\src\Illuminate\Database\Connection.php(338): Illuminate\Database\Connection->run('insert into `pr...', Array, Object(Closure))
#1 C:\wamp\www\smart-hypermarket\vendor\laravel\framework\src\Illuminate\Database\Connection.php(295): Illuminate\Database\Connection->statement('insert into `pr...', Array)
#2 C:\wamp\www\smart-hypermarket\vendor\laravel\framework\src\Illuminate\Database\Query\Processors\Processor.php(30): Illuminate\Database\Connection->insert('insert into `pr...', Array)
#3 C:\wamp\www\smart-hypermarket\vendor\laravel\framework\src\Illuminate\Database\Query\Builder.php(1662): Illuminate\Database\Query\Processors\Processor->processInsertGetId(Object(Illuminate\Database\Query\Builder), 'insert into `pr...', Array, 'id')
#4 [internal function]: Illuminate\Database\Query\Builder->insertGetId(Array, 'id')
#5 C:\wamp\www\smart-hypermarket\vendor\laravel\framework\src\Illuminate\Database\Eloquent\Builder.php(912): call_user_func_array(Array, Array)
#6 C:\wamp\www\smart-hypermarket\vendor\laravel\framework\src\Illuminate\Database\Eloquent\Model.php(1435): Illuminate\Database\Eloquent\Builder->__call('insertGetId', Array)
#7 C:\wamp\www\smart-hypermarket\vendor\laravel\framework\src\Illuminate\Database\Eloquent\Model.php(1435): Illuminate\Database\Eloquent\Builder->insertGetId(Array, 'id')
#8 C:\wamp\www\smart-hypermarket\vendor\laravel\framework\src\Illuminate\Database\Eloquent\Model.php(1405): Illuminate\Database\Eloquent\Model->insertAndSetId(Object(Illuminate\Database\Eloquent\Builder), Array)
#9 C:\wamp\www\smart-hypermarket\vendor\laravel\framework\src\Illuminate\Database\Eloquent\Model.php(1316): Illuminate\Database\Eloquent\Model->performInsert(Object(Illuminate\Database\Eloquent\Builder))
#10 C:\wamp\www\smart-hypermarket\app\controllers\ServiceController.php(69): Illuminate\Database\Eloquent\Model->save()
#11 [internal function]: ServiceController->createProduct()
#12 C:\wamp\www\smart-hypermarket\vendor\laravel\framework\src\Illuminate\Routing\Controller.php(231): call_user_func_array(Array, Array)
#13 C:\wamp\www\smart-hypermarket\vendor\laravel\framework\src\Illuminate\Routing\ControllerDispatcher.php(93): Illuminate\Routing\Controller->callAction('createProduct', Array)
#14 C:\wamp\www\smart-hypermarket\vendor\laravel\framework\src\Illuminate\Routing\ControllerDispatcher.php(62): Illuminate\Routing\ControllerDispatcher->call(Object(ServiceController), Object(Illuminate\Routing\Route), 'createProduct')
#15 C:\wamp\www\smart-hypermarket\vendor\laravel\framework\src\Illuminate\Routing\Router.php(934): Illuminate\Routing\ControllerDispatcher->dispatch(Object(Illuminate\Routing\Route), Object(Illuminate\Http\Request), 'ServiceControll...', 'createProduct')
#16 [internal function]: Illuminate\Routing\Router->Illuminate\Routing\{closure}()
#17 C:\wamp\www\smart-hypermarket\vendor\laravel\framework\src\Illuminate\Routing\Route.php(105): call_user_func_array(Object(Closure), Array)
#18 C:\wamp\www\smart-hypermarket\vendor\laravel\framework\src\Illuminate\Routing\Router.php(1000): Illuminate\Routing\Route->run(Object(Illuminate\Http\Request))
#19 C:\wamp\www\smart-hypermarket\vendor\laravel\framework\src\Illuminate\Routing\Router.php(968): Illuminate\Routing\Router->dispatchToRoute(Object(Illuminate\Http\Request))
#20 C:\wamp\www\smart-hypermarket\vendor\laravel\framework\src\Illuminate\Foundation\Application.php(738): Illuminate\Routing\Router->dispatch(Object(Illuminate\Http\Request))
#21 C:\wamp\www\smart-hypermarket\vendor\laravel\framework\src\Illuminate\Foundation\Application.php(708): Illuminate\Foundation\Application->dispatch(Object(Illuminate\Http\Request))
#22 C:\wamp\www\smart-hypermarket\vendor\laravel\framework\src\Illuminate\Http\FrameGuard.php(38): Illuminate\Foundation\Application->handle(Object(Illuminate\Http\Request), 1, true)
#23 C:\wamp\www\smart-hypermarket\vendor\laravel\framework\src\Illuminate\Session\Middleware.php(72): Illuminate\Http\FrameGuard->handle(Object(Illuminate\Http\Request), 1, true)
#24 C:\wamp\www\smart-hypermarket\vendor\laravel\framework\src\Illuminate\Cookie\Queue.php(47): Illuminate\Session\Middleware->handle(Object(Illuminate\Http\Request), 1, true)
#25 C:\wamp\www\smart-hypermarket\vendor\laravel\framework\src\Illuminate\Cookie\Guard.php(51): Illuminate\Cookie\Queue->handle(Object(Illuminate\Http\Request), 1, true)
#26 C:\wamp\www\smart-hypermarket\vendor\stack\builder\src\Stack\StackedHttpKernel.php(23): Illuminate\Cookie\Guard->handle(Object(Illuminate\Http\Request), 1, true)
#27 C:\wamp\www\smart-hypermarket\vendor\laravel\framework\src\Illuminate\Foundation\Application.php(606): Stack\StackedHttpKernel->handle(Object(Illuminate\Http\Request))
#28 C:\wamp\www\smart-hypermarket\public\index.php(49): Illuminate\Foundation\Application->run()
#29 {main} [] []
[2014-04-10 20:49:21] production.ERROR: exception 'Illuminate\Database\QueryException' with message 'SQLSTATE[23000]: Integrity constraint violation: 1048 Column 'category_id' cannot be null (SQL: insert into `products` (`name`, `barcode`, `price`, `category_id`, `updated_at`, `created_at`) values (schweppes, 789, 12, , 2014-04-10 20:49:21, 2014-04-10 20:49:21))' in C:\wamp\www\smart-hypermarket\vendor\laravel\framework\src\Illuminate\Database\Connection.php:539
Stack trace:
#0 C:\wamp\www\smart-hypermarket\vendor\laravel\framework\src\Illuminate\Database\Connection.php(338): Illuminate\Database\Connection->run('insert into `pr...', Array, Object(Closure))
#1 C:\wamp\www\smart-hypermarket\vendor\laravel\framework\src\Illuminate\Database\Connection.php(295): Illuminate\Database\Connection->statement('insert into `pr...', Array)
#2 C:\wamp\www\smart-hypermarket\vendor\laravel\framework\src\Illuminate\Database\Query\Processors\Processor.php(30): Illuminate\Database\Connection->insert('insert into `pr...', Array)
#3 C:\wamp\www\smart-hypermarket\vendor\laravel\framework\src\Illuminate\Database\Query\Builder.php(1662): Illuminate\Database\Query\Processors\Processor->processInsertGetId(Object(Illuminate\Database\Query\Builder), 'insert into `pr...', Array, 'id')
#4 [internal function]: Illuminate\Database\Query\Builder->insertGetId(Array, 'id')
#5 C:\wamp\www\smart-hypermarket\vendor\laravel\framework\src\Illuminate\Database\Eloquent\Builder.php(912): call_user_func_array(Array, Array)
#6 C:\wamp\www\smart-hypermarket\vendor\laravel\framework\src\Illuminate\Database\Eloquent\Model.php(1435): Illuminate\Database\Eloquent\Builder->__call('insertGetId', Array)
#7 C:\wamp\www\smart-hypermarket\vendor\laravel\framework\src\Illuminate\Database\Eloquent\Model.php(1435): Illuminate\Database\Eloquent\Builder->insertGetId(Array, 'id')
#8 C:\wamp\www\smart-hypermarket\vendor\laravel\framework\src\Illuminate\Database\Eloquent\Model.php(1405): Illuminate\Database\Eloquent\Model->insertAndSetId(Object(Illuminate\Database\Eloquent\Builder), Array)
#9 C:\wamp\www\smart-hypermarket\vendor\laravel\framework\src\Illuminate\Database\Eloquent\Model.php(1316): Illuminate\Database\Eloquent\Model->performInsert(Object(Illuminate\Database\Eloquent\Builder))
#10 C:\wamp\www\smart-hypermarket\app\controllers\ServiceController.php(69): Illuminate\Database\Eloquent\Model->save()
#11 [internal function]: ServiceController->createProduct()
#12 C:\wamp\www\smart-hypermarket\vendor\laravel\framework\src\Illuminate\Routing\Controller.php(231): call_user_func_array(Array, Array)
#13 C:\wamp\www\smart-hypermarket\vendor\laravel\framework\src\Illuminate\Routing\ControllerDispatcher.php(93): Illuminate\Routing\Controller->callAction('createProduct', Array)
#14 C:\wamp\www\smart-hypermarket\vendor\laravel\framework\src\Illuminate\Routing\ControllerDispatcher.php(62): Illuminate\Routing\ControllerDispatcher->call(Object(ServiceController), Object(Illuminate\Routing\Route), 'createProduct')
#15 C:\wamp\www\smart-hypermarket\vendor\laravel\framework\src\Illuminate\Routing\Router.php(934): Illuminate\Routing\ControllerDispatcher->dispatch(Object(Illuminate\Routing\Route), Object(Illuminate\Http\Request), 'ServiceControll...', 'createProduct')
#16 [internal function]: Illuminate\Routing\Router->Illuminate\Routing\{closure}()
#17 C:\wamp\www\smart-hypermarket\vendor\laravel\framework\src\Illuminate\Routing\Route.php(105): call_user_func_array(Object(Closure), Array)
#18 C:\wamp\www\smart-hypermarket\vendor\laravel\framework\src\Illuminate\Routing\Router.php(1000): Illuminate\Routing\Route->run(Object(Illuminate\Http\Request))
#19 C:\wamp\www\smart-hypermarket\vendor\laravel\framework\src\Illuminate\Routing\Router.php(968): Illuminate\Routing\Router->dispatchToRoute(Object(Illuminate\Http\Request))
#20 C:\wamp\www\smart-hypermarket\vendor\laravel\framework\src\Illuminate\Foundation\Application.php(738): Illuminate\Routing\Router->dispatch(Object(Illuminate\Http\Request))
#21 C:\wamp\www\smart-hypermarket\vendor\laravel\framework\src\Illuminate\Foundation\Application.php(708): Illuminate\Foundation\Application->dispatch(Object(Illuminate\Http\Request))
#22 C:\wamp\www\smart-hypermarket\vendor\laravel\framework\src\Illuminate\Http\FrameGuard.php(38): Illuminate\Foundation\Application->handle(Object(Illuminate\Http\Request), 1, true)
#23 C:\wamp\www\smart-hypermarket\vendor\laravel\framework\src\Illuminate\Session\Middleware.php(72): Illuminate\Http\FrameGuard->handle(Object(Illuminate\Http\Request), 1, true)
#24 C:\wamp\www\smart-hypermarket\vendor\laravel\framework\src\Illuminate\Cookie\Queue.php(47): Illuminate\Session\Middleware->handle(Object(Illuminate\Http\Request), 1, true)
#25 C:\wamp\www\smart-hypermarket\vendor\laravel\framework\src\Illuminate\Cookie\Guard.php(51): Illuminate\Cookie\Queue->handle(Object(Illuminate\Http\Request), 1, true)
#26 C:\wamp\www\smart-hypermarket\vendor\stack\builder\src\Stack\StackedHttpKernel.php(23): Illuminate\Cookie\Guard->handle(Object(Illuminate\Http\Request), 1, true)
#27 C:\wamp\www\smart-hypermarket\vendor\laravel\framework\src\Illuminate\Foundation\Application.php(606): Stack\StackedHttpKernel->handle(Object(Illuminate\Http\Request))
#28 C:\wamp\www\smart-hypermarket\public\index.php(49): Illuminate\Foundation\Application->run()
#29 {main} [] []
[2014-04-10 21:27:31] production.ERROR: exception 'Symfony\Component\Debug\Exception\FatalErrorException' with message 'Call to a member function toArray() on a non-object' in C:\wamp\www\smart-hypermarket\app\controllers\ServiceController.php:14
Stack trace:
#0 [internal function]: Illuminate\Exception\Handler->handleShutdown()
#1 {main} [] []
[2014-04-12 16:46:50] production.ERROR: exception 'ErrorException' with message 'Use of undefined constant Math - assumed 'Math'' in C:\wamp\www\smart-hypermarket\app\controllers\ServiceController.php:85
Stack trace:
#0 C:\wamp\www\smart-hypermarket\app\controllers\ServiceController.php(85): Illuminate\Exception\Handler->handleError(8, 'Use of undefine...', 'C:\wamp\www\sma...', 85, Array)
#1 [internal function]: ServiceController->retrieveMarket()
#2 C:\wamp\www\smart-hypermarket\vendor\laravel\framework\src\Illuminate\Routing\Controller.php(231): call_user_func_array(Array, Array)
#3 C:\wamp\www\smart-hypermarket\vendor\laravel\framework\src\Illuminate\Routing\ControllerDispatcher.php(93): Illuminate\Routing\Controller->callAction('retrieveMarket', Array)
#4 C:\wamp\www\smart-hypermarket\vendor\laravel\framework\src\Illuminate\Routing\ControllerDispatcher.php(62): Illuminate\Routing\ControllerDispatcher->call(Object(ServiceController), Object(Illuminate\Routing\Route), 'retrieveMarket')
#5 C:\wamp\www\smart-hypermarket\vendor\laravel\framework\src\Illuminate\Routing\Router.php(934): Illuminate\Routing\ControllerDispatcher->dispatch(Object(Illuminate\Routing\Route), Object(Illuminate\Http\Request), 'ServiceControll...', 'retrieveMarket')
#6 [internal function]: Illuminate\Routing\Router->Illuminate\Routing\{closure}()
#7 C:\wamp\www\smart-hypermarket\vendor\laravel\framework\src\Illuminate\Routing\Route.php(105): call_user_func_array(Object(Closure), Array)
#8 C:\wamp\www\smart-hypermarket\vendor\laravel\framework\src\Illuminate\Routing\Router.php(1000): Illuminate\Routing\Route->run(Object(Illuminate\Http\Request))
#9 C:\wamp\www\smart-hypermarket\vendor\laravel\framework\src\Illuminate\Routing\Router.php(968): Illuminate\Routing\Router->dispatchToRoute(Object(Illuminate\Http\Request))
#10 C:\wamp\www\smart-hypermarket\vendor\laravel\framework\src\Illuminate\Foundation\Application.php(738): Illuminate\Routing\Router->dispatch(Object(Illuminate\Http\Request))
#11 C:\wamp\www\smart-hypermarket\vendor\laravel\framework\src\Illuminate\Foundation\Application.php(708): Illuminate\Foundation\Application->dispatch(Object(Illuminate\Http\Request))
#12 C:\wamp\www\smart-hypermarket\vendor\laravel\framework\src\Illuminate\Http\FrameGuard.php(38): Illuminate\Foundation\Application->handle(Object(Illuminate\Http\Request), 1, true)
#13 C:\wamp\www\smart-hypermarket\vendor\laravel\framework\src\Illuminate\Session\Middleware.php(72): Illuminate\Http\FrameGuard->handle(Object(Illuminate\Http\Request), 1, true)
#14 C:\wamp\www\smart-hypermarket\vendor\laravel\framework\src\Illuminate\Cookie\Queue.php(47): Illuminate\Session\Middleware->handle(Object(Illuminate\Http\Request), 1, true)
#15 C:\wamp\www\smart-hypermarket\vendor\laravel\framework\src\Illuminate\Cookie\Guard.php(51): Illuminate\Cookie\Queue->handle(Object(Illuminate\Http\Request), 1, true)
#16 C:\wamp\www\smart-hypermarket\vendor\stack\builder\src\Stack\StackedHttpKernel.php(23): Illuminate\Cookie\Guard->handle(Object(Illuminate\Http\Request), 1, true)
#17 C:\wamp\www\smart-hypermarket\vendor\laravel\framework\src\Illuminate\Foundation\Application.php(606): Stack\StackedHttpKernel->handle(Object(Illuminate\Http\Request))
#18 C:\wamp\www\smart-hypermarket\public\index.php(49): Illuminate\Foundation\Application->run()
#19 {main} [] []
[2014-04-12 16:47:18] production.ERROR: exception 'ErrorException' with message 'Use of undefined constant Math - assumed 'Math'' in C:\wamp\www\smart-hypermarket\app\controllers\ServiceController.php:85
Stack trace:
#0 C:\wamp\www\smart-hypermarket\app\controllers\ServiceController.php(85): Illuminate\Exception\Handler->handleError(8, 'Use of undefine...', 'C:\wamp\www\sma...', 85, Array)
#1 [internal function]: ServiceController->retrieveMarket()
#2 C:\wamp\www\smart-hypermarket\vendor\laravel\framework\src\Illuminate\Routing\Controller.php(231): call_user_func_array(Array, Array)
#3 C:\wamp\www\smart-hypermarket\vendor\laravel\framework\src\Illuminate\Routing\ControllerDispatcher.php(93): Illuminate\Routing\Controller->callAction('retrieveMarket', Array)
#4 C:\wamp\www\smart-hypermarket\vendor\laravel\framework\src\Illuminate\Routing\ControllerDispatcher.php(62): Illuminate\Routing\ControllerDispatcher->call(Object(ServiceController), Object(Illuminate\Routing\Route), 'retrieveMarket')
#5 C:\wamp\www\smart-hypermarket\vendor\laravel\framework\src\Illuminate\Routing\Router.php(934): Illuminate\Routing\ControllerDispatcher->dispatch(Object(Illuminate\Routing\Route), Object(Illuminate\Http\Request), 'ServiceControll...', 'retrieveMarket')
#6 [internal function]: Illuminate\Routing\Router->Illuminate\Routing\{closure}()
#7 C:\wamp\www\smart-hypermarket\vendor\laravel\framework\src\Illuminate\Routing\Route.php(105): call_user_func_array(Object(Closure), Array)
#8 C:\wamp\www\smart-hypermarket\vendor\laravel\framework\src\Illuminate\Routing\Router.php(1000): Illuminate\Routing\Route->run(Object(Illuminate\Http\Request))
#9 C:\wamp\www\smart-hypermarket\vendor\laravel\framework\src\Illuminate\Routing\Router.php(968): Illuminate\Routing\Router->dispatchToRoute(Object(Illuminate\Http\Request))
#10 C:\wamp\www\smart-hypermarket\vendor\laravel\framework\src\Illuminate\Foundation\Application.php(738): Illuminate\Routing\Router->dispatch(Object(Illuminate\Http\Request))
#11 C:\wamp\www\smart-hypermarket\vendor\laravel\framework\src\Illuminate\Foundation\Application.php(708): Illuminate\Foundation\Application->dispatch(Object(Illuminate\Http\Request))
#12 C:\wamp\www\smart-hypermarket\vendor\laravel\framework\src\Illuminate\Http\FrameGuard.php(38): Illuminate\Foundation\Application->handle(Object(Illuminate\Http\Request), 1, true)
#13 C:\wamp\www\smart-hypermarket\vendor\laravel\framework\src\Illuminate\Session\Middleware.php(72): Illuminate\Http\FrameGuard->handle(Object(Illuminate\Http\Request), 1, true)
#14 C:\wamp\www\smart-hypermarket\vendor\laravel\framework\src\Illuminate\Cookie\Queue.php(47): Illuminate\Session\Middleware->handle(Object(Illuminate\Http\Request), 1, true)
#15 C:\wamp\www\smart-hypermarket\vendor\laravel\framework\src\Illuminate\Cookie\Guard.php(51): Illuminate\Cookie\Queue->handle(Object(Illuminate\Http\Request), 1, true)
#16 C:\wamp\www\smart-hypermarket\vendor\stack\builder\src\Stack\StackedHttpKernel.php(23): Illuminate\Cookie\Guard->handle(Object(Illuminate\Http\Request), 1, true)
#17 C:\wamp\www\smart-hypermarket\vendor\laravel\framework\src\Illuminate\Foundation\Application.php(606): Stack\StackedHttpKernel->handle(Object(Illuminate\Http\Request))
#18 C:\wamp\www\smart-hypermarket\public\index.php(49): Illuminate\Foundation\Application->run()
#19 {main} [] []
[2014-04-12 16:47:51] production.ERROR: exception 'ErrorException' with message 'Use of undefined constant Math - assumed 'Math'' in C:\wamp\www\smart-hypermarket\app\controllers\ServiceController.php:85
Stack trace:
#0 C:\wamp\www\smart-hypermarket\app\controllers\ServiceController.php(85): Illuminate\Exception\Handler->handleError(8, 'Use of undefine...', 'C:\wamp\www\sma...', 85, Array)
#1 [internal function]: ServiceController->retrieveMarket()
#2 C:\wamp\www\smart-hypermarket\vendor\laravel\framework\src\Illuminate\Routing\Controller.php(231): call_user_func_array(Array, Array)
#3 C:\wamp\www\smart-hypermarket\vendor\laravel\framework\src\Illuminate\Routing\ControllerDispatcher.php(93): Illuminate\Routing\Controller->callAction('retrieveMarket', Array)
#4 C:\wamp\www\smart-hypermarket\vendor\laravel\framework\src\Illuminate\Routing\ControllerDispatcher.php(62): Illuminate\Routing\ControllerDispatcher->call(Object(ServiceController), Object(Illuminate\Routing\Route), 'retrieveMarket')
#5 C:\wamp\www\smart-hypermarket\vendor\laravel\framework\src\Illuminate\Routing\Router.php(934): Illuminate\Routing\ControllerDispatcher->dispatch(Object(Illuminate\Routing\Route), Object(Illuminate\Http\Request), 'ServiceControll...', 'retrieveMarket')
#6 [internal function]: Illuminate\Routing\Router->Illuminate\Routing\{closure}()
#7 C:\wamp\www\smart-hypermarket\vendor\laravel\framework\src\Illuminate\Routing\Route.php(105): call_user_func_array(Object(Closure), Array)
#8 C:\wamp\www\smart-hypermarket\vendor\laravel\framework\src\Illuminate\Routing\Router.php(1000): Illuminate\Routing\Route->run(Object(Illuminate\Http\Request))
#9 C:\wamp\www\smart-hypermarket\vendor\laravel\framework\src\Illuminate\Routing\Router.php(968): Illuminate\Routing\Router->dispatchToRoute(Object(Illuminate\Http\Request))
#10 C:\wamp\www\smart-hypermarket\vendor\laravel\framework\src\Illuminate\Foundation\Application.php(738): Illuminate\Routing\Router->dispatch(Object(Illuminate\Http\Request))
#11 C:\wamp\www\smart-hypermarket\vendor\laravel\framework\src\Illuminate\Foundation\Application.php(708): Illuminate\Foundation\Application->dispatch(Object(Illuminate\Http\Request))
#12 C:\wamp\www\smart-hypermarket\vendor\laravel\framework\src\Illuminate\Http\FrameGuard.php(38): Illuminate\Foundation\Application->handle(Object(Illuminate\Http\Request), 1, true)
#13 C:\wamp\www\smart-hypermarket\vendor\laravel\framework\src\Illuminate\Session\Middleware.php(72): Illuminate\Http\FrameGuard->handle(Object(Illuminate\Http\Request), 1, true)
#14 C:\wamp\www\smart-hypermarket\vendor\laravel\framework\src\Illuminate\Cookie\Queue.php(47): Illuminate\Session\Middleware->handle(Object(Illuminate\Http\Request), 1, true)
#15 C:\wamp\www\smart-hypermarket\vendor\laravel\framework\src\Illuminate\Cookie\Guard.php(51): Illuminate\Cookie\Queue->handle(Object(Illuminate\Http\Request), 1, true)
#16 C:\wamp\www\smart-hypermarket\vendor\stack\builder\src\Stack\StackedHttpKernel.php(23): Illuminate\Cookie\Guard->handle(Object(Illuminate\Http\Request), 1, true)
#17 C:\wamp\www\smart-hypermarket\vendor\laravel\framework\src\Illuminate\Foundation\Application.php(606): Stack\StackedHttpKernel->handle(Object(Illuminate\Http\Request))
#18 C:\wamp\www\smart-hypermarket\public\index.php(49): Illuminate\Foundation\Application->run()
#19 {main} [] []
[2014-04-12 16:48:04] production.ERROR: exception 'Symfony\Component\Debug\Exception\FatalErrorException' with message 'Class 'Math' not found' in C:\wamp\www\smart-hypermarket\app\controllers\ServiceController.php:85
Stack trace:
#0 [internal function]: Illuminate\Exception\Handler->handleShutdown()
#1 {main} [] []
[2014-04-12 16:53:57] production.ERROR: exception 'BadMethodCallException' with message 'Call to undefined method Illuminate\Database\Query\Builder::andWhere()' in C:\wamp\www\smart-hypermarket\vendor\laravel\framework\src\Illuminate\Database\Query\Builder.php:1891
Stack trace:
#0 [internal function]: Illuminate\Database\Query\Builder->__call('andWhere', Array)
#1 [internal function]: Illuminate\Database\Query\Builder->andWhere('longitude', '=', 0)
#2 C:\wamp\www\smart-hypermarket\vendor\laravel\framework\src\Illuminate\Database\Eloquent\Builder.php(912): call_user_func_array(Array, Array)
#3 C:\wamp\www\smart-hypermarket\app\controllers\ServiceController.php(90): Illuminate\Database\Eloquent\Builder->__call('andWhere', Array)
#4 C:\wamp\www\smart-hypermarket\app\controllers\ServiceController.php(90): Illuminate\Database\Eloquent\Builder->andWhere('longitude', '=', 0)
#5 [internal function]: ServiceController->retrieveMarket()
#6 C:\wamp\www\smart-hypermarket\vendor\laravel\framework\src\Illuminate\Routing\Controller.php(231): call_user_func_array(Array, Array)
#7 C:\wamp\www\smart-hypermarket\vendor\laravel\framework\src\Illuminate\Routing\ControllerDispatcher.php(93): Illuminate\Routing\Controller->callAction('retrieveMarket', Array)
#8 C:\wamp\www\smart-hypermarket\vendor\laravel\framework\src\Illuminate\Routing\ControllerDispatcher.php(62): Illuminate\Routing\ControllerDispatcher->call(Object(ServiceController), Object(Illuminate\Routing\Route), 'retrieveMarket')
#9 C:\wamp\www\smart-hypermarket\vendor\laravel\framework\src\Illuminate\Routing\Router.php(934): Illuminate\Routing\ControllerDispatcher->dispatch(Object(Illuminate\Routing\Route), Object(Illuminate\Http\Request), 'ServiceControll...', 'retrieveMarket')
#10 [internal function]: Illuminate\Routing\Router->Illuminate\Routing\{closure}()
#11 C:\wamp\www\smart-hypermarket\vendor\laravel\framework\src\Illuminate\Routing\Route.php(105): call_user_func_array(Object(Closure), Array)
#12 C:\wamp\www\smart-hypermarket\vendor\laravel\framework\src\Illuminate\Routing\Router.php(1000): Illuminate\Routing\Route->run(Object(Illuminate\Http\Request))
#13 C:\wamp\www\smart-hypermarket\vendor\laravel\framework\src\Illuminate\Routing\Router.php(968): Illuminate\Routing\Router->dispatchToRoute(Object(Illuminate\Http\Request))
#14 C:\wamp\www\smart-hypermarket\vendor\laravel\framework\src\Illuminate\Foundation\Application.php(738): Illuminate\Routing\Router->dispatch(Object(Illuminate\Http\Request))
#15 C:\wamp\www\smart-hypermarket\vendor\laravel\framework\src\Illuminate\Foundation\Application.php(708): Illuminate\Foundation\Application->dispatch(Object(Illuminate\Http\Request))
#16 C:\wamp\www\smart-hypermarket\vendor\laravel\framework\src\Illuminate\Http\FrameGuard.php(38): Illuminate\Foundation\Application->handle(Object(Illuminate\Http\Request), 1, true)
#17 C:\wamp\www\smart-hypermarket\vendor\laravel\framework\src\Illuminate\Session\Middleware.php(72): Illuminate\Http\FrameGuard->handle(Object(Illuminate\Http\Request), 1, true)
#18 C:\wamp\www\smart-hypermarket\vendor\laravel\framework\src\Illuminate\Cookie\Queue.php(47): Illuminate\Session\Middleware->handle(Object(Illuminate\Http\Request), 1, true)
#19 C:\wamp\www\smart-hypermarket\vendor\laravel\framework\src\Illuminate\Cookie\Guard.php(51): Illuminate\Cookie\Queue->handle(Object(Illuminate\Http\Request), 1, true)
#20 C:\wamp\www\smart-hypermarket\vendor\stack\builder\src\Stack\StackedHttpKernel.php(23): Illuminate\Cookie\Guard->handle(Object(Illuminate\Http\Request), 1, true)
#21 C:\wamp\www\smart-hypermarket\vendor\laravel\framework\src\Illuminate\Foundation\Application.php(606): Stack\StackedHttpKernel->handle(Object(Illuminate\Http\Request))
#22 C:\wamp\www\smart-hypermarket\public\index.php(49): Illuminate\Foundation\Application->run()
#23 {main} [] []
